<?xml version="1.0" encoding="UTF-8"?>
<!-- Generated by org.testng.reporters.JUnitXMLReporter -->
<testsuite ignored="2" hostname="AKSHAY" failures="0" tests="1" name="Default test" time="14.757" errors="0" timestamp="2024-06-07T18:08:43 IST">
  <testcase classname="com.comcast.crm.contacttest.TestNG.CreateContactTest" name="CreateContact" time="7.916"/>
  <testcase classname="com.comcast.crm.contacttest.TestNG.CreateContactTest" name="CreateContactWithOrganization" time="0.0">
    <ignored/>
  </testcase> <!-- CreateContactWithOrganization -->
  <testcase classname="com.comcast.crm.contacttest.TestNG.CreateContactTest" name="CreateContactWithSupportDate" time="0.0">
    <ignored/>
  </testcase> <!-- CreateContactWithSupportDate -->
</testsuite> <!-- Default test -->
