<?xml version="1.0" encoding="UTF-8"?>
<!-- Generated by org.testng.reporters.JUnitXMLReporter -->
<testsuite ignored="2" hostname="AKSHAY" failures="0" tests="7" name="Test" time="82.009" errors="0" timestamp="2024-06-04T15:54:38 IST">
  <testcase classname="com.comcast.crm.contacttest.TestNG.CreateContactTest" name="CreateContact" time="6.491"/>
  <testcase classname="com.comcast.crm.contacttest.TestNG.CreateContactTest" name="CreateContactWithOrganization" time="12.517"/>
  <testcase classname="com.comcast.crm.contacttest.TestNG.CreateContactTest" name="CreateContactWithSupportDate" time="6.997"/>
  <testcase classname="com.comcast.crm.orgtest.TestNG.CreateOrgTest" name="CreateOrg" time="6.53"/>
  <testcase classname="com.comcast.crm.orgtest.TestNG.CreateOrgTest" name="CreateOrgWithIndustry" time="6.947"/>
  <testcase classname="com.comcast.crm.orgtest.TestNG.CreateOrgTest" name="CreateOrgWithPhoneNumber" time="6.741"/>
  <testcase classname="com.comcast.crm.orgtest.TestNG.CreateOrgTest" name="DeleteOrg" time="8.873"/>
  <testcase classname="com.comcast.crm.basetest.BaseClass" name="@AfterSuite AS" time="0.0">
    <ignored/>
  </testcase> <!-- @AfterSuite AS -->
  <testcase classname="com.comcast.crm.basetest.BaseClass" name="@BeforeSuite BS" time="0.0">
    <ignored/>
  </testcase> <!-- @BeforeSuite BS -->
</testsuite> <!-- Test -->
